<?xml version="1.0" encoding="UTF-8"?>
<!-- Generated by org.testng.reporters.JUnitReportReporter -->
<testsuite skipped="0" hostname="Sony-PC" name="com.suites.sanity.Sanity2" tests="1" failures="0" timestamp="12 May 2017 16:13:03 GMT" time="0.002" errors="0">
  <testcase name="test2" time="0.002" classname="com.suites.sanity.Sanity2"/>
</testsuite> <!-- com.suites.sanity.Sanity2 -->
