<?xml version="1.0" encoding="UTF-8"?>
<!-- Generated by org.testng.reporters.JUnitReportReporter -->
<testsuite skipped="0" hostname="Sony-PC" name="com.suites.regression.Testingannotations1" tests="1" failures="0" timestamp="12 May 2017 16:13:03 GMT" time="0.033" errors="0">
  <testcase name="getReports" time="0.033" classname="com.suites.regression.Testingannotations1"/>
</testsuite> <!-- com.suites.regression.Testingannotations1 -->
