<?xml version="1.0" encoding="UTF-8"?>
<!-- Generated by org.testng.reporters.JUnitReportReporter -->
<testsuite skipped="0" hostname="Sony-PC" name="TestData" tests="2" failures="0" timestamp="06 May 2017 18:15:58 GMT" time="0.037" errors="0">
  <testcase name="testMailSending" time="0.010" classname="TestData"/>
  <testcase name="testMailSending" time="0.027" classname="TestData"/>
</testsuite> <!-- TestData -->
