<?xml version="1.0" encoding="UTF-8"?>
<!-- Generated by org.testng.reporters.JUnitReportReporter -->
<testsuite skipped="0" hostname="Sony-PC" name="com.testng.dataprovider.Createuser" tests="3" failures="0" timestamp="07 May 2017 05:18:54 GMT" time="0.031" errors="0">
  <testcase name="createUser" time="0.003" classname="com.testng.dataprovider.Createuser"/>
  <testcase name="createUser" time="0.004" classname="com.testng.dataprovider.Createuser"/>
  <testcase name="createUser" time="0.024" classname="com.testng.dataprovider.Createuser"/>
</testsuite> <!-- com.testng.dataprovider.Createuser -->
