<?xml version="1.0" encoding="UTF-8"?>
<!-- Generated by org.testng.reporters.JUnitReportReporter -->
<testsuite skipped="0" hostname="Sony-PC" name="com.suites.parallel.Parallel" tests="2" failures="0" timestamp="12 May 2017 16:13:03 GMT" time="0.015" errors="0">
  <testcase name="method2" time="0.012" classname="com.suites.parallel.Parallel"/>
  <testcase name="method1" time="0.003" classname="com.suites.parallel.Parallel"/>
</testsuite> <!-- com.suites.parallel.Parallel -->
