<?xml version="1.0" encoding="UTF-8"?>
<!-- Generated by org.testng.reporters.JUnitReportReporter -->
<testsuite skipped="0" hostname="Sony-PC" name="Testngannotations" tests="4" failures="0" timestamp="07 May 2017 04:24:59 GMT" time="0.026" errors="0">
  <testcase name="Logintoapplication" time="0.017" classname="Testngannotations"/>
  <testcase name="adduser" time="0.004" classname="Testngannotations"/>
  <testcase name="listuser" time="0.003" classname="Testngannotations"/>
  <testcase name="logout" time="0.002" classname="Testngannotations"/>
</testsuite> <!-- Testngannotations -->
