<?xml version="1.0" encoding="UTF-8"?>
<!-- Generated by org.testng.reporters.JUnitReportReporter -->
<testsuite skipped="0" hostname="Sony-PC" name="com.testng.dataprovider.Google" tests="1" failures="0" timestamp="07 May 2017 05:49:43 GMT" time="13.686" errors="0">
  <testcase name="verifyTitle" time="13.686" classname="com.testng.dataprovider.Google"/>
</testsuite> <!-- com.testng.dataprovider.Google -->
