<?xml version="1.0" encoding="UTF-8"?>
<!-- Generated by org.testng.reporters.JUnitReportReporter -->
<testsuite skipped="0" hostname="Sony-PC" name="com.selenium.radio.Testradio" tests="1" failures="0" timestamp="20 May 2017 04:24:32 GMT" time="18.577" errors="0">
  <testcase name="testRadio" time="18.577" classname="com.selenium.radio.Testradio"/>
</testsuite> <!-- com.selenium.radio.Testradio -->
