<?xml version="1.0" encoding="UTF-8"?>
<!-- Generated by org.testng.reporters.JUnitReportReporter -->
<testsuite skipped="0" hostname="Sony-PC" name="com.selenium.radio.Dropdown" tests="1" failures="0" timestamp="20 May 2017 05:51:19 GMT" time="24.696" errors="0">
  <testcase name="dropdown" time="24.696" classname="com.selenium.radio.Dropdown"/>
</testsuite> <!-- com.selenium.radio.Dropdown -->
