<?xml version="1.0" encoding="UTF-8"?>
<!-- Generated by org.testng.reporters.JUnitReportReporter -->
<testsuite skipped="0" hostname="Sony-PC" name="com.selenium.textboxes.Create_user" tests="4" failures="0" timestamp="14 May 2017 05:58:56 GMT" time="18.943" errors="0">
  <testcase name="testCreateuser" time="10.844" classname="com.selenium.textboxes.Create_user"/>
  <testcase name="testCreateuser" time="2.487" classname="com.selenium.textboxes.Create_user"/>
  <testcase name="testCreateuser" time="3.157" classname="com.selenium.textboxes.Create_user"/>
  <testcase name="testCreateuser" time="2.455" classname="com.selenium.textboxes.Create_user"/>
</testsuite> <!-- com.selenium.textboxes.Create_user -->
