<?xml version="1.0" encoding="UTF-8"?>
<!-- Generated by org.testng.reporters.JUnitReportReporter -->
<testsuite name="com.selenium.tests.Mytest" tests="1" time="28.891" ignored="0" failures="0" timestamp="03 Jun 2017 04:07:19 GMT" skipped="0" hostname="Sony-PC" errors="0">
  <testcase name="testBrowser" time="28.891" classname="com.selenium.tests.Mytest"/>
</testsuite> <!-- com.selenium.tests.Mytest -->
