<?xml version="1.0" encoding="UTF-8"?>
<!-- Generated by org.testng.reporters.JUnitReportReporter -->
<testsuite skipped="0" hostname="Sony-PC" name="com.selenium.pom.TestSalesforce" tests="1" failures="0" timestamp="17 Jun 2017 04:37:14 GMT" time="44.228" errors="0">
  <testcase name="Login" time="44.228" classname="com.selenium.pom.TestSalesforce"/>
</testsuite> <!-- com.selenium.pom.TestSalesforce -->
