<?xml version="1.0" encoding="UTF-8"?>
<!-- Generated by org.testng.reporters.JUnitReportReporter -->
<testsuite skipped="0" hostname="Sony-PC" name="com.selelenium.tests.LoginTest" tests="3" failures="0" timestamp="17 Jun 2017 05:03:15 GMT" time="55.848" errors="0">
  <testcase name="doLogin" time="17.352" classname="com.selelenium.tests.LoginTest"/>
  <testcase name="doLogin" time="15.524" classname="com.selelenium.tests.LoginTest"/>
  <testcase name="doLogin" time="22.972" classname="com.selelenium.tests.LoginTest"/>
</testsuite> <!-- com.selelenium.tests.LoginTest -->
